<?xml version="1.0" encoding="UTF-8"?>
<!-- Generated by org.testng.reporters.JUnitXMLReporter -->
<testsuite ignored="0" hostname="FFE-Bhuvan-KP" failures="0" tests="2" name="Test2" time="4.993" errors="0" timestamp="2025-08-20T12:37:46 IST">
  <testcase classname="fireflink.ninzacrm.automationframework.practice.CampgainTest" name="samplemethod" time="0.0"/>
  <testcase classname="fireflink.ninzacrm.automationframework.practice.CampgainTest" name="tc_001_CreateCampgain" time="0.0">
    <skipped/>
  </testcase> <!-- tc_001_CreateCampgain -->
</testsuite> <!-- Test2 -->
